  0:00 ------------------------------------------------------------
  0:00 Warmup:
  0:02 ClientConnect: 0
  0:02 ClientUserinfo: 0 \ip\192.168.10.37:27960\challenge\94224103\qport\2801\protocol\68\name\TommyBlue\rate\8000\cg_predictitems\0\cl_voip\0\cl_anonymous\0\sex\male\handicap\100\color2\5\color1\4\team_headmodel\*james\team_model\james\headmodel\sarge\model\sarge\snaps\20\teamtask\0\cl_guid\536CFA75FF2075F305817F29D518424D
  0:02 ClientUserinfoChanged: 0 n\TommyBlue\t\3\r\2\tl\0\f0\\f1\\f2\\a0\0\a1\0\a2\0
  0:06 ClientConnect: 1
  0:06 ClientUserinfo: 1 \ip\192.168.10.96:27960\challenge\-354123797\qport\857\protocol\68\name\Pizzuto\rate\8000\cg_predictitems\0\snaps\20\model\sarge\headmodel\sarge\team_model\james\team_headmodel\*james\color1\4\color2\5\handicap\100\sex\male\cl_anonymous\0\teamtask\0\cl_guid\90BED6C46E6BDADA08BE139124DE0504
  0:06 ClientUserinfoChanged: 1 n\Pizzuto\t\3\r\2\tl\0\f0\\f1\\f2\\a0\0\a1\0\a2\0
  0:14 ClientUserinfo: 0 \ip\192.168.10.37:27960\name\TommyBlue\rate\8000\cg_predictitems\0\cl_voip\0\cl_anonymous\0\sex\male\handicap\100\color2\5\color1\4\team_headmodel\*james\team_model\james\headmodel\sarge\model\sarge\snaps\20\teamtask\0\cl_guid\17C8682D7BF6FD556FD71A15AA6D2C06\racered\3\raceblue\3\ut_timenudge\0\cg_rgb\128 128 128\cg_physics\1\gear\GMIARWA\weapmodes\01000111210000020001
  0:14 ClientUserinfoChanged: 0 n\TommyBlue\t\3\r\3\tl\0\f0\\f1\\f2\\a0\128\a1\128\a2\128
  0:14 ClientBegin: 0
  0:15 Kill: 0 0 10: TommyBlue killed TommyBlue by MOD_CHANGE_TEAM
  0:15 ClientUserinfo: 0 \ip\192.168.10.37:27960\name\TommyBlue\rate\8000\cg_predictitems\0\cl_voip\0\cl_anonymous\0\sex\male\handicap\100\color2\5\color1\4\team_headmodel\*james\team_model\james\headmodel\sarge\model\sarge\snaps\20\teamtask\0\cl_guid\17C8682D7BF6FD556FD71A15AA6D2C06\racered\3\raceblue\3\ut_timenudge\0\cg_rgb\128 128 128\cg_physics\1\gear\GMIARWA\weapmodes\01000111210000020001
  0:15 ClientUserinfoChanged: 0 n\TommyBlue\t\2\r\3\tl\0\f0\\f1\\f2\\a0\128\a1\128\a2\128
  0:15 ClientBegin: 0
  0:32 ClientUserinfo: 1 \ip\192.168.10.96:27960\name\Pizzuto\racered\2\raceblue\2\rate\8000\ut_timenudge\0\cg_rgb\128 128 128\funred\viking\funblue\viking\cg_predictitems\0\cg_physics\1\gear\FMAARWT\snaps\20\model\sarge\headmodel\sarge\team_model\james\team_headmodel\*james\color1\4\color2\5\handicap\100\sex\male\cl_anonymous\0\teamtask\0\cl_guid\90BED6C46E6BDADA08BE139124DE0504\weapmodes\01000111210000020002
  0:32 ClientUserinfoChanged: 1 n\Pizzuto\t\3\r\2\tl\0\f0\\f1\\f2\\a0\128\a1\128\a2\128
  0:32 ClientBegin: 1
  0:40 Kill: 1 1 10: Pizzuto killed Pizzuto by MOD_CHANGE_TEAM
  0:40 ClientUserinfo: 1 \ip\192.168.10.96:27960\name\Pizzuto\racered\2\raceblue\2\rate\8000\ut_timenudge\0\cg_rgb\128 128 128\funred\viking\funblue\viking\cg_predictitems\0\cg_physics\1\gear\FMAARWT\snaps\20\model\sarge\headmodel\sarge\team_model\james\team_headmodel\*james\color1\4\color2\5\handicap\100\sex\male\cl_anonymous\0\teamtask\0\cl_guid\90BED6C46E6BDADA08BE139124DE0504\weapmodes\01000111210000020002
  0:40 ClientUserinfoChanged: 1 n\Pizzuto\t\1\r\2\tl\0\f0\viking\f1\\f2\\a0\128\a1\128\a2\128
  0:40 ClientBegin: 1
  0:54 ------------------------------------------------------------
  0:54 InitRound: \sv_allowdownload\0\g_matchmode\0\g_gametype\3\sv_maxclients\64\sv_floodprotect\1\g_warmup\15\capturelimit\0\sv_hostname\Marvin\g_followstrict\1\fraglimit\99\timelimit\10\g_cahtime\60\g_swaproles\0\g_roundtime\3\g_bombexplodetime\40\g_bombdefusetime\10\g_hotpotato\2\g_waverespawns\1\g_redwave\8\g_bluewave\8\g_respawndelay\5\g_suddendeath\1\g_maxrounds\0\g_friendlyfire\2\g_allowvote\536871039\g_armbands\0\g_survivorrule\0\g_teamnameblue\Checche\g_teamnamered\Froci\g_gear\0\g_deadchat\1\g_maxGameClients\0\sv_dlURL\marvin.dw\sv_maxPing\0\sv_minPing\0\sv_maxRate\0\sv_minRate\0\dmflags\0\version\ioq3 1.35urt linux-i386 Jan 28 2009\protocol\68\mapname\ut4_ftdicks\sv_privateClients\0\ Admin\adminname\ Email\xxx@xxx.xxx\gamename\q3ut4\g_needpass\0\g_enableDust\0\g_enableBreath\0\g_antilagvis\0\g_survivor\0\g_enablePrecip\0\g_modversion\4.1
  1:27 Hit: 1 0 3 9: TommyBlue hit Pizzuto in the Kevlar
  1:50 Hit: 1 0 3 9: TommyBlue hit Pizzuto in the Kevlar
  1:52 Hit: 0 1 3 9: Pizzuto hit TommyBlue in the Kevlar
  1:52 Hit: 0 1 3 9: Pizzuto hit TommyBlue in the Kevlar
  1:52 Hit: 0 1 3 9: Pizzuto hit TommyBlue in the Kevlar
  1:53 Hit: 0 1 3 9: Pizzuto hit TommyBlue in the Kevlar
  1:53 Kill: 1 0 20: Pizzuto killed TommyBlue by UT_MOD_G36
  2:02 ClientDisconnect: 0
  2:05 ClientDisconnect: 1
  2:11 ShutdownGame:
  2:11 ------------------------------------------------------------
